<?xml version="1.0" encoding="UTF-8"?>
<testsuite xmlns:xsi="http://www.w3.org/2001/XMLSchema-instance" xsi:noNamespaceSchemaLocation="https://maven.apache.org/surefire/maven-surefire-plugin/xsd/surefire-test-report.xsd" name="TestSuite" time="35.484" tests="1" errors="0" skipped="0" failures="1">
  <properties>
[...]
</properties>
  <testcase name="feature" classname="runners.InstagramRunner" time="34.497">
    <failure message="org.openqa.selenium.WebDriverException: unknown error: Element &lt;button class=&quot;_qv64e       _gexxb _4tgw8      _njrw0   &quot;&gt;...&lt;/button&gt; is not clickable at point (1008, 526). Other element would receive the click: &lt;div class=&quot;_gftfm&quot;&gt;&lt;/div&gt;&#10;  (Session info: chrome=66.0.3359.181)&#10;  (Driver info: chromedriver=2.38.552522 (437e6fbedfa8762dec75e2c5b3ddb86763dc9dcb),platform=Windows NT 10.0.17134 x86_64) (WARNING: The server did not provide any stacktrace information)&#10;Command duration or timeout: 43 milliseconds&#10;Build info: version: &apos;3.4.0&apos;, revision: &apos;unknown&apos;, time: &apos;unknown&apos;&#10;System info: host: &apos;GC-LENOVO&apos;, ip: &apos;192.168.37.1&apos;, os.name: &apos;Windows 10&apos;, os.arch: &apos;amd64&apos;, os.version: &apos;10.0&apos;, java.version: &apos;1.8.0_161&apos;&#10;Driver info: org.openqa.selenium.chrome.ChromeDriver&#10;Capabilities [{applicationCacheEnabled=false, rotatable=false, mobileEmulationEnabled=false, networkConnectionEnabled=false, chrome={chromedriverVersion=2.38.552522 (437e6fbedfa8762dec75e2c5b3ddb86763dc9dcb), userDataDir=C:\Users\guanc\AppData\Local\Temp\scoped_dir22240_5615}, takesHeapSnapshot=true, pageLoadStrategy=normal, databaseEnabled=false, handlesAlerts=true, hasTouchScreen=false, version=66.0.3359.181, platform=XP, browserConnectionEnabled=false, nativeEvents=true, acceptSslCerts=false, acceptInsecureCerts=false, locationContextEnabled=true, webStorageEnabled=true, browserName=chrome, takesScreenshot=true, javascriptEnabled=true, cssSelectorsEnabled=true, setWindowRect=true, unexpectedAlertBehaviour=}]&#10;Session ID: 3120a77cd3a54bb01599b3f807550bdc" type="cucumber.runtime.CucumberException"><![CDATA[cucumber.runtime.CucumberException: 
org.openqa.selenium.WebDriverException: unknown error: Element <button class="_qv64e       _gexxb _4tgw8      _njrw0   ">...</button> is not clickable at point (1008, 526). Other element would receive the click: <div class="_gftfm"></div>
  (Session info: chrome=66.0.3359.181)
  (Driver info: chromedriver=2.38.552522 (437e6fbedfa8762dec75e2c5b3ddb86763dc9dcb),platform=Windows NT 10.0.17134 x86_64) (WARNING: The server did not provide any stacktrace information)
Command duration or timeout: 43 milliseconds
Build info: version: '3.4.0', revision: 'unknown', time: 'unknown'
System info: host: 'GC-LENOVO', ip: '192.168.37.1', os.name: 'Windows 10', os.arch: 'amd64', os.version: '10.0', java.version: '1.8.0_161'
Driver info: org.openqa.selenium.chrome.ChromeDriver
Capabilities [{applicationCacheEnabled=false, rotatable=false, mobileEmulationEnabled=false, networkConnectionEnabled=false, chrome={chromedriverVersion=2.38.552522 (437e6fbedfa8762dec75e2c5b3ddb86763dc9dcb), userDataDir=C:\Users\guanc\AppData\Local\Temp\scoped_dir22240_5615}, takesHeapSnapshot=true, pageLoadStrategy=normal, databaseEnabled=false, handlesAlerts=true, hasTouchScreen=false, version=66.0.3359.181, platform=XP, browserConnectionEnabled=false, nativeEvents=true, acceptSslCerts=false, acceptInsecureCerts=false, locationContextEnabled=true, webStorageEnabled=true, browserName=chrome, takesScreenshot=true, javascriptEnabled=true, cssSelectorsEnabled=true, setWindowRect=true, unexpectedAlertBehaviour=}]
Session ID: 3120a77cd3a54bb01599b3f807550bdc
Caused by: org.openqa.selenium.WebDriverException: 
unknown error: Element <button class="_qv64e       _gexxb _4tgw8      _njrw0   ">...</button> is not clickable at point (1008, 526). Other element would receive the click: <div class="_gftfm"></div>
  (Session info: chrome=66.0.3359.181)
  (Driver info: chromedriver=2.38.552522 (437e6fbedfa8762dec75e2c5b3ddb86763dc9dcb),platform=Windows NT 10.0.17134 x86_64) (WARNING: The server did not provide any stacktrace information)
Command duration or timeout: 43 milliseconds
Build info: version: '3.4.0', revision: 'unknown', time: 'unknown'
System info: host: 'GC-LENOVO', ip: '192.168.37.1', os.name: 'Windows 10', os.arch: 'amd64', os.version: '10.0', java.version: '1.8.0_161'
Driver info: org.openqa.selenium.chrome.ChromeDriver
Capabilities [{applicationCacheEnabled=false, rotatable=false, mobileEmulationEnabled=false, networkConnectionEnabled=false, chrome={chromedriverVersion=2.38.552522 (437e6fbedfa8762dec75e2c5b3ddb86763dc9dcb), userDataDir=C:\Users\guanc\AppData\Local\Temp\scoped_dir22240_5615}, takesHeapSnapshot=true, pageLoadStrategy=normal, databaseEnabled=false, handlesAlerts=true, hasTouchScreen=false, version=66.0.3359.181, platform=XP, browserConnectionEnabled=false, nativeEvents=true, acceptSslCerts=false, acceptInsecureCerts=false, locationContextEnabled=true, webStorageEnabled=true, browserName=chrome, takesScreenshot=true, javascriptEnabled=true, cssSelectorsEnabled=true, setWindowRect=true, unexpectedAlertBehaviour=}]
Session ID: 3120a77cd3a54bb01599b3f807550bdc
]]></failure>
    <system-out><![CDATA[Feature: user can sign up a new account, log in and log out account, follow another user, like a photo, unlike a photo
this is before class
user is on the web page: home page
The web page title is : Instagram
user is on the web page: account page
The web page title is : Instagram
user is on the web page: account page
The web page title is : Instagram
user is on the web page: Brynn Cartelli
The web page title is : Instagram
this is before class

  @P2
  Scenario: user can search for "Brynn Cartelli" and follow her              &amp#27;[90m# src/test/resources/features/Instagram.feature:26&amp#27;[0m
    &amp#27;[32mGiven &amp#27;[0m&amp#27;[32mI am in webpage: "&amp#27;[0m&amp#27;[32m&amp#27;[1mhome_page&amp#27;[0m&amp#27;[32m"&amp#27;[0m                                       &amp#27;[90m# StepDefinitions.landPage(String)&amp#27;[0m
    &amp#27;[32mThen &amp#27;[0m&amp#27;[32mI click "&amp#27;[0m&amp#27;[32m&amp#27;[1mlogin&amp#27;[0m&amp#27;[32m"&amp#27;[0m                                                     &amp#27;[90m# StepDefinitions.clickOnElement(String)&amp#27;[0m
    &amp#27;[32mAnd &amp#27;[0m&amp#27;[32mI input "&amp#27;[0m&amp#27;[32m&amp#27;[1mmy_username&amp#27;[0m&amp#27;[32m" to "&amp#27;[0m&amp#27;[32m&amp#27;[1musername&amp#27;[0m&amp#27;[32m"&amp#27;[0m                                  &amp#27;[90m# StepDefinitions.inputToField(String,String)&amp#27;[0m
    &amp#27;[32mAnd &amp#27;[0m&amp#27;[32mI input "&amp#27;[0m&amp#27;[32m&amp#27;[1mmy_password&amp#27;[0m&amp#27;[32m" to "&amp#27;[0m&amp#27;[32m&amp#27;[1mpassword&amp#27;[0m&amp#27;[32m"&amp#27;[0m                                  &amp#27;[90m# StepDefinitions.inputToField(String,String)&amp#27;[0m
    &amp#27;[32mThen &amp#27;[0m&amp#27;[32mI click "&amp#27;[0m&amp#27;[32m&amp#27;[1mbtn_login&amp#27;[0m&amp#27;[32m"&amp#27;[0m                                                 &amp#27;[90m# StepDefinitions.clickOnElement(String)&amp#27;[0m
    &amp#27;[32mThen &amp#27;[0m&amp#27;[32mI am in webpage: "&amp#27;[0m&amp#27;[32m&amp#27;[1maccount_page&amp#27;[0m&amp#27;[32m"&amp#27;[0m                                     &amp#27;[90m# StepDefinitions.landPage(String)&amp#27;[0m
    &amp#27;[32mGiven &amp#27;[0m&amp#27;[32mI am in webpage: "&amp#27;[0m&amp#27;[32m&amp#27;[1maccount_page&amp#27;[0m&amp#27;[32m"&amp#27;[0m                                    &amp#27;[90m# StepDefinitions.landPage(String)&amp#27;[0m
    &amp#27;[32mAnd &amp#27;[0m&amp#27;[32mI move to click "&amp#27;[0m&amp#27;[32m&amp#27;[1msearch&amp#27;[0m&amp#27;[32m"&amp#27;[0m                                             &amp#27;[90m# StepDefinitions.moveToClick(String)&amp#27;[0m
    &amp#27;[32mThen &amp#27;[0m&amp#27;[32mI input "&amp#27;[0m&amp#27;[32m&amp#27;[1mmy_search&amp#27;[0m&amp#27;[32m" to "&amp#27;[0m&amp#27;[32m&amp#27;[1msearch_box&amp#27;[0m&amp#27;[32m"&amp#27;[0m                                 &amp#27;[90m# StepDefinitions.inputToField(String,String)&amp#27;[0m
    &amp#27;[32mAnd &amp#27;[0m&amp#27;[32mI click "&amp#27;[0m&amp#27;[32m&amp#27;[1mbrynncartelli&amp#27;[0m&amp#27;[32m"&amp#27;[0m                                              &amp#27;[90m# StepDefinitions.clickOnElement(String)&amp#27;[0m
    &amp#27;[32mAnd &amp#27;[0m&amp#27;[32mI am in webpage: "&amp#27;[0m&amp#27;[32m&amp#27;[1mbrynn_page&amp#27;[0m&amp#27;[32m"&amp#27;[0m                                        &amp#27;[90m# StepDefinitions.landPage(String)&amp#27;[0m
    &amp#27;[31mAnd &amp#27;[0m&amp#27;[31mI click "&amp#27;[0m&amp#27;[31m&amp#27;[1mbtn_follow&amp#27;[0m&amp#27;[31m"&amp#27;[0m                                                 &amp#27;[90m# StepDefinitions.clickOnElement(String)&amp#27;[0m
      &amp#27;[31morg.openqa.selenium.WebDriverException: unknown error: Element <button class="_qv64e       _gexxb _4tgw8      _njrw0   ">...</button> is not clickable at point (1008, 526). Other element would receive the click: <div class="_gftfm"></div>
        (Session info: chrome=66.0.3359.181)
        (Driver info: chromedriver=2.38.552522 (437e6fbedfa8762dec75e2c5b3ddb86763dc9dcb),platform=Windows NT 10.0.17134 x86_64) (WARNING: The server did not provide any stacktrace information)
      Command duration or timeout: 43 milliseconds
      Build info: version: '3.4.0', revision: 'unknown', time: 'unknown'
      System info: host: 'GC-LENOVO', ip: '192.168.37.1', os.name: 'Windows 10', os.arch: 'amd64', os.version: '10.0', java.version: '1.8.0_161'
      Driver info: org.openqa.selenium.chrome.ChromeDriver
      Capabilities [{applicationCacheEnabled=false, rotatable=false, mobileEmulationEnabled=false, networkConnectionEnabled=false, chrome={chromedriverVersion=2.38.552522 (437e6fbedfa8762dec75e2c5b3ddb86763dc9dcb), userDataDir=C:\Users\guanc\AppData\Local\Temp\scoped_dir22240_5615}, takesHeapSnapshot=true, pageLoadStrategy=normal, databaseEnabled=false, handlesAlerts=true, hasTouchScreen=false, version=66.0.3359.181, platform=XP, browserConnectionEnabled=false, nativeEvents=true, acceptSslCerts=false, acceptInsecureCerts=false, locationContextEnabled=true, webStorageEnabled=true, browserName=chrome, takesScreenshot=true, javascriptEnabled=true, cssSelectorsEnabled=true, setWindowRect=true, unexpectedAlertBehaviour=}]
      Session ID: 3120a77cd3a54bb01599b3f807550bdc
      	at sun.reflect.NativeConstructorAccessorImpl.newInstance0(Native Method)
      	at sun.reflect.NativeConstructorAccessorImpl.newInstance(NativeConstructorAccessorImpl.java:62)
      	at sun.reflect.DelegatingConstructorAccessorImpl.newInstance(DelegatingConstructorAccessorImpl.java:45)
      	at java.lang.reflect.Constructor.newInstance(Constructor.java:423)
      	at org.openqa.selenium.remote.ErrorHandler.createThrowable(ErrorHandler.java:215)
      	at org.openqa.selenium.remote.ErrorHandler.throwIfResponseFailed(ErrorHandler.java:167)
      	at org.openqa.selenium.remote.RemoteWebDriver.execute(RemoteWebDriver.java:671)
      	at org.openqa.selenium.remote.RemoteWebElement.execute(RemoteWebElement.java:272)
      	at org.openqa.selenium.remote.RemoteWebElement.click(RemoteWebElement.java:82)
      	at steps.StepDefinitions.clickOnElement(StepDefinitions.java:66)
      	at ?.And I click "btn_follow"(src/test/resources/features/Instagram.feature:38)
      &amp#27;[0m
    &amp#27;[36mThen &amp#27;[0m&amp#27;[36mThe result should be based on "&amp#27;[0m&amp#27;[36m&amp#27;[1mbtn_following&amp#27;[0m&amp#27;[36m" and "&amp#27;[0m&amp#27;[36m&amp#27;[1mexpected_result&amp#27;[0m&amp#27;[36m"&amp#27;[0m &amp#27;[90m# StepDefinitions.the_result_should_be(String,String)&amp#27;[0m
user is on the web page: home page
The web page title is : Instagram

  @TC005
  Scenario: user can like a picture in "Brynn Cartelli" &amp#27;[90m# src/test/resources/features/Instagram.feature:53&amp#27;[0m
    &amp#27;[32mGiven &amp#27;[0m&amp#27;[32mI am in webpage: "&amp#27;[0m&amp#27;[32m&amp#27;[1mhome_page&amp#27;[0m&amp#27;[32m"&amp#27;[0m                  &amp#27;[90m# StepDefinitions.landPage(String)&amp#27;[0m
    &amp#27;[32mThen &amp#27;[0m&amp#27;[32mI click "&amp#27;[0m&amp#27;[32m&amp#27;[1mlogin&amp#27;[0m&amp#27;[32m"&amp#27;[0m                                &amp#27;[90m# StepDefinitions.clickOnElement(String)&amp#27;[0m
    &amp#27;[32mAnd &amp#27;[0m&amp#27;[32mI input "&amp#27;[0m&amp#27;[32m&amp#27;[1mmy_username&amp#27;[0m&amp#27;[32m" to "&amp#27;[0m&amp#27;[32m&amp#27;[1musername&amp#27;[0m&amp#27;[32m"&amp#27;[0m             &amp#27;[90m# StepDefinitions.inputToField(String,String)&amp#27;[0m
    &amp#27;[32mAnd &amp#27;[0m&amp#27;[32mI input "&amp#27;[0m&amp#27;[32m&amp#27;[1mmy_password&amp#27;[0m&amp#27;[32m" to "&amp#27;[0m&amp#27;[32m&amp#27;[1mpassword&amp#27;[0m&amp#27;[32m"&amp#27;[0m             &amp#27;[90m# StepDefinitions.inputToField(String,String)&amp#27;[0m
    &amp#27;[32mThen &amp#27;[0m&amp#27;[32mI click "&amp#27;[0m&amp#27;[32m&amp#27;[1mbtn_login&amp#27;[0m&amp#27;[32m"&amp#27;[0m                            &amp#27;[90m# StepDefinitions.clickOnElement(String)&amp#27;[0m
    &amp#27;[31mAnd &amp#27;[0m&amp#27;[31mI click "&amp#27;[0m&amp#27;[31m&amp#27;[1mstory_brynncartelli&amp#27;[0m&amp#27;[31m"&amp#27;[0m                   &amp#27;[90m# StepDefinitions.clickOnElement(String)&amp#27;[0m
      &amp#27;[31morg.openqa.selenium.TimeoutException: Expected condition failed: waiting for visibility of element located by By.xpath: //div[contains(.,'brynncartelli')] (tried for 20 second(s) with 500 MILLISECONDS interval)
      	at org.openqa.selenium.support.ui.WebDriverWait.timeoutException(WebDriverWait.java:80)
      	at org.openqa.selenium.support.ui.FluentWait.until(FluentWait.java:232)
      	at steps.StepDefinitions.clickOnElement(StepDefinitions.java:64)
      	at ?.And I click "story_brynncartelli"(src/test/resources/features/Instagram.feature:59)
      Caused by: org.openqa.selenium.NoSuchElementException: Cannot locate an element using By.xpath: //div[contains(.,'brynncartelli')]
      For documentation on this error, please visit: http://seleniumhq.org/exceptions/no_such_element.html
      Build info: version: '3.4.0', revision: 'unknown', time: 'unknown'
      System info: host: 'GC-LENOVO', ip: '192.168.37.1', os.name: 'Windows 10', os.arch: 'amd64', os.version: '10.0', java.version: '1.8.0_161'
      Driver info: driver.version: unknown
      	at org.openqa.selenium.support.ui.ExpectedConditions.lambda$findElement$0(ExpectedConditions.java:883)
      	at java.util.Optional.orElseThrow(Optional.java:290)
      	at org.openqa.selenium.support.ui.ExpectedConditions.findElement(ExpectedConditions.java:882)
      	at org.openqa.selenium.support.ui.ExpectedConditions.access$000(ExpectedConditions.java:44)
      	at org.openqa.selenium.support.ui.ExpectedConditions$7.apply(ExpectedConditions.java:206)
      	at org.openqa.selenium.support.ui.ExpectedConditions$7.apply(ExpectedConditions.java:202)
      	at org.openqa.selenium.support.ui.FluentWait.until(FluentWait.java:209)
      	at steps.StepDefinitions.clickOnElement(StepDefinitions.java:64)
      	at sun.reflect.NativeMethodAccessorImpl.invoke0(Native Method)
      	at sun.reflect.NativeMethodAccessorImpl.invoke(NativeMethodAccessorImpl.java:62)
      	at sun.reflect.DelegatingMethodAccessorImpl.invoke(DelegatingMethodAccessorImpl.java:43)
      	at java.lang.reflect.Method.invoke(Method.java:498)
      	at cucumber.runtime.Utils$1.call(Utils.java:40)
      	at cucumber.runtime.Timeout.timeout(Timeout.java:16)
      	at cucumber.runtime.Utils.invoke(Utils.java:34)
      	at cucumber.runtime.java.JavaStepDefinition.execute(JavaStepDefinition.java:38)
      	at cucumber.runtime.StepDefinitionMatch.runStep(StepDefinitionMatch.java:37)
      	at cucumber.runtime.Runtime.runStep(Runtime.java:300)
      	at cucumber.runtime.model.StepContainer.runStep(StepContainer.java:44)
      	at cucumber.runtime.model.StepContainer.runSteps(StepContainer.java:39)
      	at cucumber.runtime.model.CucumberScenario.run(CucumberScenario.java:44)
      	at cucumber.runtime.model.CucumberFeature.run(CucumberFeature.java:165)
      	at cucumber.api.testng.TestNGCucumberRunner.runCucumber(TestNGCucumberRunner.java:63)
      	at cucumber.api.testng.AbstractTestNGCucumberTests.feature(AbstractTestNGCucumberTests.java:21)
      	at sun.reflect.NativeMethodAccessorImpl.invoke0(Native Method)
      	at sun.reflect.NativeMethodAccessorImpl.invoke(NativeMethodAccessorImpl.java:62)
      	at sun.reflect.DelegatingMethodAccessorImpl.invoke(DelegatingMethodAccessorImpl.java:43)
      	at java.lang.reflect.Method.invoke(Method.java:498)
      	at org.testng.internal.MethodInvocationHelper.invokeMethod(MethodInvocationHelper.java:124)
      	at org.testng.internal.Invoker.invokeMethod(Invoker.java:580)
      	at org.testng.internal.Invoker.invokeTestMethod(Invoker.java:716)
      	at org.testng.internal.Invoker.invokeTestMethods(Invoker.java:988)
      	at org.testng.internal.TestMethodWorker.invokeTestMethods(TestMethodWorker.java:125)
      	at org.testng.internal.TestMethodWorker.run(TestMethodWorker.java:109)
      	at org.testng.TestRunner.privateRun(TestRunner.java:648)
      	at org.testng.TestRunner.run(TestRunner.java:505)
      	at org.testng.SuiteRunner.runTest(SuiteRunner.java:455)
      	at org.testng.SuiteRunner.runSequentially(SuiteRunner.java:450)
      	at org.testng.SuiteRunner.privateRun(SuiteRunner.java:415)
      	at org.testng.SuiteRunner.run(SuiteRunner.java:364)
      	at org.testng.SuiteRunnerWorker.runSuite(SuiteRunnerWorker.java:52)
      	at org.testng.SuiteRunnerWorker.run(SuiteRunnerWorker.java:84)
      	at org.testng.TestNG.runSuitesSequentially(TestNG.java:1208)
      	at org.testng.TestNG.runSuitesLocally(TestNG.java:1137)
      	at org.testng.TestNG.runSuites(TestNG.java:1049)
      	at org.testng.TestNG.run(TestNG.java:1017)
      	at org.apache.maven.surefire.testng.TestNGExecutor.run(TestNGExecutor.java:283)
      	at org.apache.maven.surefire.testng.TestNGXmlTestSuite.execute(TestNGXmlTestSuite.java:75)
      	at org.apache.maven.surefire.testng.TestNGProvider.invoke(TestNGProvider.java:120)
      	at org.apache.maven.surefire.booter.ForkedBooter.invokeProviderInSameClassLoader(ForkedBooter.java:379)
      	at org.apache.maven.surefire.booter.ForkedBooter.runSuitesInProcess(ForkedBooter.java:340)
      	at org.apache.maven.surefire.booter.ForkedBooter.execute(ForkedBooter.java:125)
      	at org.apache.maven.surefire.booter.ForkedBooter.main(ForkedBooter.java:413)
      &amp#27;[0m
    #	And I click "btn_close"
    &amp#27;[36mAnd &amp#27;[0m&amp#27;[36mI click "&amp#27;[0m&amp#27;[36m&amp#27;[1mbtn_like&amp#27;[0m&amp#27;[36m"&amp#27;[0m                              &amp#27;[90m# StepDefinitions.clickOnElement(String)&amp#27;[0m
    &amp#27;[36mAnd &amp#27;[0m&amp#27;[36mI click "&amp#27;[0m&amp#27;[36m&amp#27;[1mbtn_unlike&amp#27;[0m&amp#27;[36m"&amp#27;[0m                            &amp#27;[90m# StepDefinitions.clickOnElement(String)&amp#27;[0m
]]></system-out>
    <system-err><![CDATA[Starting ChromeDriver 2.38.552522 (437e6fbedfa8762dec75e2c5b3ddb86763dc9dcb) on port 20950
Only local connections are allowed.
May 24, 2018 9:19:34 AM org.openqa.selenium.remote.ProtocolHandshake createSession
INFO: Detected dialect: OSS
Starting ChromeDriver 2.38.552522 (437e6fbedfa8762dec75e2c5b3ddb86763dc9dcb) on port 23810
Only local connections are allowed.
May 24, 2018 9:19:41 AM org.openqa.selenium.remote.ProtocolHandshake createSession
INFO: Detected dialect: OSS
]]></system-err>
  </testcase>
</testsuite>