<?xml version="1.0" encoding="UTF-8"?>
<testng-results skipped="0" failed="0" ignored="0" total="1" passed="1">
  <reporter-output>
  </reporter-output>
  <suite name="GCao2373VA Automation Test" duration-ms="10097" started-at="2018-05-24T15:02:58Z" finished-at="2018-05-24T15:03:08Z">
    <groups>
      <group name="cucumber">
        <method signature="AbstractTestNGCucumberTests.feature(cucumber.api.testng.CucumberFeatureWrapper)[pri:0, instance:runners.InstagramRunner@31f924f5]" name="feature" class="cucumber.api.testng.AbstractTestNGCucumberTests"/>
      </group> <!-- cucumber -->
    </groups>
    <test name="Instagram Automation Test" duration-ms="10097" started-at="2018-05-24T15:02:58Z" finished-at="2018-05-24T15:03:08Z">
      <class name="runners.InstagramRunner">
        <test-method status="PASS" signature="setUpClass()[pri:0, instance:runners.InstagramRunner@31f924f5]" name="setUpClass" is-config="true" duration-ms="159" started-at="2018-05-24T15:02:58Z" finished-at="2018-05-24T15:02:58Z">
          <reporter-output>
          </reporter-output>
        </test-method> <!-- setUpClass -->
        <test-method status="PASS" signature="feature(cucumber.api.testng.CucumberFeatureWrapper)[pri:0, instance:runners.InstagramRunner@31f924f5]" name="feature" duration-ms="9789" started-at="2018-05-24T15:02:58Z" description="Runs Cucumber Feature" data-provider="features" finished-at="2018-05-24T15:03:08Z">
          <params>
            <param index="0">
              <value>
                <![CDATA[user can sign up a new account, log in and log out account, follow another user, like a photo, unlike a photo]]>
              </value>
            </param>
          </params>
          <reporter-output>
          </reporter-output>
        </test-method> <!-- feature -->
        <test-method status="PASS" signature="tearDownClass()[pri:0, instance:runners.InstagramRunner@31f924f5]" name="tearDownClass" is-config="true" duration-ms="73" started-at="2018-05-24T15:03:08Z" finished-at="2018-05-24T15:03:08Z">
          <reporter-output>
          </reporter-output>
        </test-method> <!-- tearDownClass -->
      </class> <!-- runners.InstagramRunner -->
    </test> <!-- Instagram Automation Test -->
  </suite> <!-- GCao2373VA Automation Test -->
</testng-results>
